<?xml version="1.0" encoding="UTF-8"?>
<!-- Generated by org.testng.reporters.JUnitReportReporter -->
<testsuite hostname="LAPTOP-0BNS4RHD" failures="0" tests="1" name="testCases.nameSort1" time="5.991" errors="0" timestamp="2022-09-14T17:42:32 IST" skipped="0">
  <testcase classname="testCases.nameSort1" name="productNameSorting" time="5.991"/>
  <system-out/>
</testsuite> <!-- testCases.nameSort1 -->
