<?xml version="1.0" encoding="UTF-8"?>
<!-- Generated by org.testng.reporters.JUnitReportReporter -->
<testsuite hostname="LAPTOP-0BNS4RHD" failures="0" tests="1" name="testCases.practice" time="4.123" errors="0" timestamp="2022-09-14T00:47:59 IST" skipped="0">
  <testcase classname="testCases.practice" name="prac" time="4.123"/>
  <system-out/>
</testsuite> <!-- testCases.practice -->
