<?xml version="1.0" encoding="UTF-8"?>
<!-- Generated by org.testng.reporters.JUnitReportReporter -->
<testsuite hostname="LAPTOP-0BNS4RHD" failures="0" tests="1" name="testCases.productNameSorting" time="12.092" errors="0" timestamp="2022-09-14T18:10:12 IST" skipped="0">
  <testcase classname="testCases.productNameSorting" name="nameSorting" time="12.092"/>
  <system-out/>
</testsuite> <!-- testCases.productNameSorting -->
