<?xml version="1.0" encoding="UTF-8"?>
<!-- Generated by org.testng.reporters.JUnitReportReporter -->
<testsuite hostname="LAPTOP-0BNS4RHD" failures="0" tests="1" name="testCases.priceSort" time="8.989" errors="0" timestamp="2022-09-14T23:04:45 IST" skipped="0">
  <testcase classname="testCases.priceSort" name="priceSorting" time="8.989"/>
  <system-out/>
</testsuite> <!-- testCases.priceSort -->
